<?xml version="1.0" encoding="UTF-8"?>
<testng-results total="3" passed="2" failed="0" skipped="1">
  <reporter-output>
    <line>
      <![CDATA[<br>  <img src='C:\Users\Chandra\source\eclipse-workspace\DataDrivenAutomation\.\Screenshots\EnterDataFailedTueJun02104438EDT2020.png' height='100' width='100' /><br>]]>
    </line>
    <line>
      <![CDATA[<a href=.\Screenshots\EnterDataFailedTueJun02104438EDT2020.png></a>]]>
    </line>
  </reporter-output>
  <suite started-at="2020-06-02T14:44:31Z" name="Suite" finished-at="2020-06-02T14:44:47Z" duration-ms="15301">
    <groups>
    </groups>
    <test started-at="2020-06-02T14:44:31Z" name="Test" finished-at="2020-06-02T14:44:47Z" duration-ms="15301">
      <class name="org.automation.testcases.TC_001_ValidateLoginFunctionality">
        <test-method is-config="true" signature="initiateDriverInstance()[pri:0, instance:org.automation.testcases.TC_001_ValidateLoginFunctionality@4d910fd6]" started-at="2020-06-02T10:44:32Z" name="initiateDriverInstance" finished-at="2020-06-02T10:44:37Z" duration-ms="4560" status="PASS">
          <reporter-output>
          </reporter-output>
        </test-method> <!-- initiateDriverInstance -->
        <test-method signature="LoginFunctionality(java.lang.String, java.lang.String)[pri:0, instance:org.automation.testcases.TC_001_ValidateLoginFunctionality@4d910fd6]" started-at="2020-06-02T10:44:37Z" name="LoginFunctionality" data-provider="Excel" finished-at="2020-06-02T10:44:38Z" duration-ms="1010" status="PASS">
          <params>
            <param index="0">
              <value>
                <![CDATA[email1email@gmail.com]]>
              </value>
            </param>
            <param index="1">
              <value>
                <![CDATA[pass11]]>
              </value>
            </param>
          </params>
          <reporter-output>
            <line>
              <![CDATA[<br>  <img src='C:\Users\Chandra\source\eclipse-workspace\DataDrivenAutomation\.\Screenshots\EnterDataFailedTueJun02104438EDT2020.png' height='100' width='100' /><br>]]>
            </line>
            <line>
              <![CDATA[<a href=.\Screenshots\EnterDataFailedTueJun02104438EDT2020.png></a>]]>
            </line>
          </reporter-output>
        </test-method> <!-- LoginFunctionality -->
        <test-method is-config="true" signature="closeDriverInstance()[pri:0, instance:org.automation.testcases.TC_001_ValidateLoginFunctionality@4d910fd6]" started-at="2020-06-02T10:44:38Z" name="closeDriverInstance" finished-at="2020-06-02T10:44:38Z" duration-ms="782" status="PASS">
          <reporter-output>
          </reporter-output>
        </test-method> <!-- closeDriverInstance -->
        <test-method is-config="true" signature="initiateDriverInstance()[pri:0, instance:org.automation.testcases.TC_001_ValidateLoginFunctionality@4d910fd6]" started-at="2020-06-02T10:44:38Z" name="initiateDriverInstance" finished-at="2020-06-02T10:44:42Z" duration-ms="3931" status="PASS">
          <reporter-output>
          </reporter-output>
        </test-method> <!-- initiateDriverInstance -->
        <test-method signature="LoginFunctionality(java.lang.String, java.lang.String)[pri:0, instance:org.automation.testcases.TC_001_ValidateLoginFunctionality@4d910fd6]" started-at="2020-06-02T10:44:42Z" name="LoginFunctionality" data-provider="Excel" finished-at="2020-06-02T10:44:46Z" duration-ms="3310" status="PASS">
          <params>
            <param index="0">
              <value>
                <![CDATA[khinchi.chandra@gmail.com]]>
              </value>
            </param>
            <param index="1">
              <value>
                <![CDATA[dhairya2011]]>
              </value>
            </param>
          </params>
          <reporter-output>
          </reporter-output>
        </test-method> <!-- LoginFunctionality -->
        <test-method is-config="true" signature="closeDriverInstance()[pri:0, instance:org.automation.testcases.TC_001_ValidateLoginFunctionality@4d910fd6]" started-at="2020-06-02T10:44:46Z" name="closeDriverInstance" finished-at="2020-06-02T10:44:46Z" duration-ms="803" status="PASS">
          <reporter-output>
          </reporter-output>
        </test-method> <!-- closeDriverInstance -->
      </class> <!-- org.automation.testcases.TC_001_ValidateLoginFunctionality -->
      <class name="org.automation.testcases.TC_002_RegisterAccount">
        <test-method signature="RegisterNewAccount(java.lang.String, java.lang.String, java.lang.String)[pri:0, instance:org.automation.testcases.TC_002_RegisterAccount@26275bef]" started-at="2020-06-02T10:44:47Z" name="RegisterNewAccount" data-provider="Excel" finished-at="2020-06-02T10:44:47Z" duration-ms="0" status="SKIP">
          <exception class="java.lang.RuntimeException">
            <message>
              <![CDATA[java.lang.ArrayIndexOutOfBoundsException: Index 3 out of bounds for length 3]]>
            </message>
            <full-stacktrace>
              <![CDATA[java.lang.RuntimeException: java.lang.ArrayIndexOutOfBoundsException: Index 3 out of bounds for length 3
	at org.testng.internal.MethodInvocationHelper.invokeDataProvider(MethodInvocationHelper.java:162)
	at org.testng.internal.Parameters.handleParameters(Parameters.java:430)
	at org.testng.internal.Invoker.handleParameters(Invoker.java:1270)
	at org.testng.internal.Invoker.createParameters(Invoker.java:985)
	at org.testng.internal.Invoker.invokeTestMethods(Invoker.java:1075)
	at org.testng.internal.TestMethodWorker.invokeTestMethods(TestMethodWorker.java:125)
	at org.testng.internal.TestMethodWorker.run(TestMethodWorker.java:108)
	at org.testng.TestRunner.privateRun(TestRunner.java:774)
	at org.testng.TestRunner.run(TestRunner.java:624)
	at org.testng.SuiteRunner.runTest(SuiteRunner.java:359)
	at org.testng.SuiteRunner.runSequentially(SuiteRunner.java:354)
	at org.testng.SuiteRunner.privateRun(SuiteRunner.java:312)
	at org.testng.SuiteRunner.run(SuiteRunner.java:261)
	at org.testng.SuiteRunnerWorker.runSuite(SuiteRunnerWorker.java:52)
	at org.testng.SuiteRunnerWorker.run(SuiteRunnerWorker.java:86)
	at org.testng.TestNG.runSuitesSequentially(TestNG.java:1191)
	at org.testng.TestNG.runSuitesLocally(TestNG.java:1116)
	at org.testng.TestNG.run(TestNG.java:1024)
	at org.apache.maven.surefire.testng.TestNGExecutor.run(TestNGExecutor.java:295)
	at org.apache.maven.surefire.testng.TestNGXmlTestSuite.execute(TestNGXmlTestSuite.java:84)
	at org.apache.maven.surefire.testng.TestNGProvider.invoke(TestNGProvider.java:90)
	at org.apache.maven.surefire.booter.ForkedBooter.invokeProviderInSameClassLoader(ForkedBooter.java:203)
	at org.apache.maven.surefire.booter.ForkedBooter.runSuitesInProcess(ForkedBooter.java:155)
	at org.apache.maven.surefire.booter.ForkedBooter.main(ForkedBooter.java:103)
Caused by: java.lang.ArrayIndexOutOfBoundsException: Index 3 out of bounds for length 3
	at org.automation.datagenerators.Datagenerator.excelTestDataGenerator(Datagenerator.java:74)
	at java.base/jdk.internal.reflect.NativeMethodAccessorImpl.invoke0(Native Method)
	at java.base/jdk.internal.reflect.NativeMethodAccessorImpl.invoke(NativeMethodAccessorImpl.java:62)
	at java.base/jdk.internal.reflect.DelegatingMethodAccessorImpl.invoke(DelegatingMethodAccessorImpl.java:43)
	at java.base/java.lang.reflect.Method.invoke(Method.java:564)
	at org.testng.internal.MethodInvocationHelper.invokeMethod(MethodInvocationHelper.java:85)
	at org.testng.internal.MethodInvocationHelper.invokeDataProvider(MethodInvocationHelper.java:136)
	... 23 more
]]>
            </full-stacktrace>
          </exception> <!-- java.lang.RuntimeException -->
          <reporter-output>
          </reporter-output>
        </test-method> <!-- RegisterNewAccount -->
      </class> <!-- org.automation.testcases.TC_002_RegisterAccount -->
    </test> <!-- Test -->
  </suite> <!-- Suite -->
</testng-results>
